<?xml version="1.0" encoding="UTF-8"?>
<!-- Generated by org.testng.reporters.JUnitReportReporter -->
<testsuite hostname="LAPTOP-2MRM6MV3" failures="0" tests="1" name="com.mystore.testcases.SearchResultPageTest" time="11.190" errors="0" timestamp="2022-03-12T10:31:31 IST" skipped="0">
  <testcase classname="com.mystore.testcases.SearchResultPageTest" name="productAvailabilityTest" time="11.190"/>
  <system-out/>
</testsuite> <!-- com.mystore.testcases.SearchResultPageTest -->
