<?xml version="1.0" encoding="UTF-8"?>
<!-- Generated by org.testng.reporters.JUnitReportReporter -->
<testsuite hostname="LAPTOP-2MRM6MV3" failures="0" tests="2" name="com.mystore.testcases.HomePageTest" time="32.916" errors="0" timestamp="2022-03-12T10:31:31 IST" skipped="0">
  <testcase classname="com.mystore.testcases.HomePageTest" name="orderHistoryandDetailsTest" time="17.444"/>
  <system-out/>
  <testcase classname="com.mystore.testcases.HomePageTest" name="wishListTest" time="15.472"/>
  <system-out/>
</testsuite> <!-- com.mystore.testcases.HomePageTest -->
