<?xml version="1.0" encoding="UTF-8"?>
<!-- Generated by org.testng.reporters.JUnitReportReporter -->
<testsuite hostname="LAPTOP-2MRM6MV3" failures="0" tests="1" name="com.mystore.testcases.LoginPageTest" time="14.475" errors="0" timestamp="2022-03-12T10:31:31 IST" skipped="0">
  <testcase classname="com.mystore.testcases.LoginPageTest" name="loginTest" time="14.475"/>
  <system-out/>
</testsuite> <!-- com.mystore.testcases.LoginPageTest -->
